[DEBUG] 2023-02-04 22:15:20.146 [main] Pet_Requests - 404
[DEBUG] 2023-02-04 22:15:22.321 [main] Pet_Requests - available
[DEBUG] 2023-02-04 22:15:22.321 [main] Pet_Requests - available
[DEBUG] 2023-02-04 22:15:22.321 [main] Pet_Requests - available
[DEBUG] 2023-02-04 22:15:22.322 [main] Pet_Requests - available
[DEBUG] 2023-02-04 22:15:22.322 [main] Pet_Requests - available
[DEBUG] 2023-02-04 22:15:22.323 [main] Pet_Requests - available
[DEBUG] 2023-02-04 22:15:22.323 [main] Pet_Requests - available
[DEBUG] 2023-02-04 22:15:22.323 [main] Pet_Requests - available
[DEBUG] 2023-02-04 22:15:22.323 [main] Pet_Requests - available
[DEBUG] 2023-02-04 22:15:22.325 [main] Pet_Requests - available
[DEBUG] 2023-02-04 22:15:22.325 [main] Pet_Requests - available
[DEBUG] 2023-02-04 22:15:22.325 [main] Pet_Requests - available
[DEBUG] 2023-02-04 22:15:22.325 [main] Pet_Requests - available
[DEBUG] 2023-02-04 22:15:22.325 [main] Pet_Requests - available
[DEBUG] 2023-02-04 22:15:22.325 [main] Pet_Requests - available
[DEBUG] 2023-02-04 22:15:22.326 [main] Pet_Requests - available
[DEBUG] 2023-02-04 22:15:22.326 [main] Pet_Requests - available
[DEBUG] 2023-02-04 22:15:22.326 [main] Pet_Requests - available
[DEBUG] 2023-02-04 22:15:22.326 [main] Pet_Requests - available
[DEBUG] 2023-02-04 22:15:22.326 [main] Pet_Requests - available
[DEBUG] 2023-02-04 22:15:22.326 [main] Pet_Requests - available
[DEBUG] 2023-02-04 22:15:22.326 [main] Pet_Requests - available
[DEBUG] 2023-02-04 22:15:22.326 [main] Pet_Requests - available
[DEBUG] 2023-02-04 22:15:22.326 [main] Pet_Requests - available
[DEBUG] 2023-02-04 22:15:22.326 [main] Pet_Requests - available
[DEBUG] 2023-02-04 22:15:22.327 [main] Pet_Requests - available
[DEBUG] 2023-02-04 22:15:22.327 [main] Pet_Requests - available
[DEBUG] 2023-02-04 22:15:22.327 [main] Pet_Requests - available
[DEBUG] 2023-02-04 22:15:22.327 [main] Pet_Requests - available
[DEBUG] 2023-02-04 22:15:22.327 [main] Pet_Requests - available
[DEBUG] 2023-02-04 22:15:22.327 [main] Pet_Requests - available
[DEBUG] 2023-02-04 22:15:22.327 [main] Pet_Requests - available
[DEBUG] 2023-02-04 22:15:22.327 [main] Pet_Requests - available
[DEBUG] 2023-02-04 22:15:22.327 [main] Pet_Requests - available
[DEBUG] 2023-02-04 22:15:22.327 [main] Pet_Requests - available
[DEBUG] 2023-02-04 22:15:22.327 [main] Pet_Requests - available
[DEBUG] 2023-02-04 22:15:22.327 [main] Pet_Requests - available
[DEBUG] 2023-02-04 22:15:22.327 [main] Pet_Requests - available
[DEBUG] 2023-02-04 22:15:22.327 [main] Pet_Requests - available
[DEBUG] 2023-02-04 22:15:22.327 [main] Pet_Requests - available
[DEBUG] 2023-02-04 22:15:22.328 [main] Pet_Requests - available
[DEBUG] 2023-02-04 22:15:22.328 [main] Pet_Requests - available
[DEBUG] 2023-02-04 22:15:22.328 [main] Pet_Requests - available
[DEBUG] 2023-02-04 22:15:22.328 [main] Pet_Requests - available
[DEBUG] 2023-02-04 22:15:22.328 [main] Pet_Requests - available
[DEBUG] 2023-02-04 22:15:22.328 [main] Pet_Requests - available
[DEBUG] 2023-02-04 22:15:22.328 [main] Pet_Requests - available
[DEBUG] 2023-02-04 22:15:22.328 [main] Pet_Requests - available
[DEBUG] 2023-02-04 22:15:22.328 [main] Pet_Requests - available
[DEBUG] 2023-02-04 22:15:22.328 [main] Pet_Requests - available
[DEBUG] 2023-02-04 22:15:22.328 [main] Pet_Requests - available
[DEBUG] 2023-02-04 22:15:22.329 [main] Pet_Requests - available
[DEBUG] 2023-02-04 22:15:22.329 [main] Pet_Requests - available
[DEBUG] 2023-02-04 22:15:22.329 [main] Pet_Requests - available
[DEBUG] 2023-02-04 22:15:22.329 [main] Pet_Requests - available
[DEBUG] 2023-02-04 22:15:22.329 [main] Pet_Requests - available
[DEBUG] 2023-02-04 22:15:22.329 [main] Pet_Requests - available
[DEBUG] 2023-02-04 22:15:22.329 [main] Pet_Requests - available
[DEBUG] 2023-02-04 22:15:22.329 [main] Pet_Requests - available
[DEBUG] 2023-02-04 22:15:22.329 [main] Pet_Requests - available
[DEBUG] 2023-02-04 22:15:22.329 [main] Pet_Requests - available
[DEBUG] 2023-02-04 22:15:22.329 [main] Pet_Requests - available
[DEBUG] 2023-02-04 22:15:22.329 [main] Pet_Requests - available
[DEBUG] 2023-02-04 22:15:22.330 [main] Pet_Requests - available
[DEBUG] 2023-02-04 22:15:22.330 [main] Pet_Requests - available
[DEBUG] 2023-02-04 22:15:22.330 [main] Pet_Requests - available
[DEBUG] 2023-02-04 22:15:22.330 [main] Pet_Requests - available
[DEBUG] 2023-02-04 22:15:22.330 [main] Pet_Requests - available
[DEBUG] 2023-02-04 22:15:22.330 [main] Pet_Requests - available
[DEBUG] 2023-02-04 22:15:22.330 [main] Pet_Requests - available
[DEBUG] 2023-02-04 22:15:22.330 [main] Pet_Requests - available
[DEBUG] 2023-02-04 22:15:22.330 [main] Pet_Requests - available
[DEBUG] 2023-02-04 22:15:22.330 [main] Pet_Requests - available
[DEBUG] 2023-02-04 22:15:22.330 [main] Pet_Requests - available
[DEBUG] 2023-02-04 22:15:22.331 [main] Pet_Requests - available
[DEBUG] 2023-02-04 22:15:22.331 [main] Pet_Requests - available
[DEBUG] 2023-02-04 22:15:22.331 [main] Pet_Requests - available
[DEBUG] 2023-02-04 22:15:22.331 [main] Pet_Requests - available
[DEBUG] 2023-02-04 22:15:22.331 [main] Pet_Requests - available
[DEBUG] 2023-02-04 22:15:22.331 [main] Pet_Requests - available
[DEBUG] 2023-02-04 22:15:22.331 [main] Pet_Requests - available
[DEBUG] 2023-02-04 22:15:22.331 [main] Pet_Requests - available
[DEBUG] 2023-02-04 22:15:22.331 [main] Pet_Requests - available
[DEBUG] 2023-02-04 22:15:22.331 [main] Pet_Requests - available
[DEBUG] 2023-02-04 22:15:22.332 [main] Pet_Requests - available
[DEBUG] 2023-02-04 22:15:22.332 [main] Pet_Requests - available
[DEBUG] 2023-02-04 22:15:22.332 [main] Pet_Requests - available
[DEBUG] 2023-02-04 22:15:22.332 [main] Pet_Requests - available
[DEBUG] 2023-02-04 22:15:22.332 [main] Pet_Requests - available
[DEBUG] 2023-02-04 22:15:22.332 [main] Pet_Requests - available
[DEBUG] 2023-02-04 22:15:22.332 [main] Pet_Requests - available
[DEBUG] 2023-02-04 22:15:22.332 [main] Pet_Requests - available
[DEBUG] 2023-02-04 22:15:22.332 [main] Pet_Requests - available
[DEBUG] 2023-02-04 22:15:22.332 [main] Pet_Requests - available
[DEBUG] 2023-02-04 22:15:22.332 [main] Pet_Requests - available
[DEBUG] 2023-02-04 22:15:22.332 [main] Pet_Requests - available
[DEBUG] 2023-02-04 22:15:22.332 [main] Pet_Requests - available
[DEBUG] 2023-02-04 22:15:22.332 [main] Pet_Requests - available
[DEBUG] 2023-02-04 22:15:22.332 [main] Pet_Requests - available
[DEBUG] 2023-02-04 22:15:22.333 [main] Pet_Requests - available
[DEBUG] 2023-02-04 22:15:22.333 [main] Pet_Requests - available
[DEBUG] 2023-02-04 22:15:22.333 [main] Pet_Requests - available
[DEBUG] 2023-02-04 22:15:22.333 [main] Pet_Requests - available
[DEBUG] 2023-02-04 22:15:22.333 [main] Pet_Requests - available
[DEBUG] 2023-02-04 22:15:22.333 [main] Pet_Requests - available
[DEBUG] 2023-02-04 22:15:22.333 [main] Pet_Requests - available
[DEBUG] 2023-02-04 22:15:22.333 [main] Pet_Requests - available
[DEBUG] 2023-02-04 22:15:22.333 [main] Pet_Requests - available
[DEBUG] 2023-02-04 22:15:22.333 [main] Pet_Requests - available
[DEBUG] 2023-02-04 22:15:22.333 [main] Pet_Requests - available
[DEBUG] 2023-02-04 22:15:22.333 [main] Pet_Requests - available
[DEBUG] 2023-02-04 22:15:22.333 [main] Pet_Requests - available
[DEBUG] 2023-02-04 22:15:22.333 [main] Pet_Requests - available
[DEBUG] 2023-02-04 22:15:22.333 [main] Pet_Requests - available
[DEBUG] 2023-02-04 22:15:22.333 [main] Pet_Requests - available
[DEBUG] 2023-02-04 22:15:22.333 [main] Pet_Requests - available
[DEBUG] 2023-02-04 22:15:22.333 [main] Pet_Requests - available
[DEBUG] 2023-02-04 22:15:22.334 [main] Pet_Requests - available
[DEBUG] 2023-02-04 22:15:22.334 [main] Pet_Requests - available
[DEBUG] 2023-02-04 22:15:22.334 [main] Pet_Requests - available
[DEBUG] 2023-02-04 22:15:22.334 [main] Pet_Requests - available
[DEBUG] 2023-02-04 22:15:22.334 [main] Pet_Requests - available
[DEBUG] 2023-02-04 22:15:22.334 [main] Pet_Requests - available
[DEBUG] 2023-02-04 22:15:22.334 [main] Pet_Requests - available
[DEBUG] 2023-02-04 22:15:22.334 [main] Pet_Requests - available
[DEBUG] 2023-02-04 22:15:22.334 [main] Pet_Requests - available
[DEBUG] 2023-02-04 22:15:22.334 [main] Pet_Requests - available
[DEBUG] 2023-02-04 22:15:22.334 [main] Pet_Requests - available
[DEBUG] 2023-02-04 22:15:22.335 [main] Pet_Requests - available
[DEBUG] 2023-02-04 22:15:22.335 [main] Pet_Requests - available
[DEBUG] 2023-02-04 22:15:22.335 [main] Pet_Requests - available
[DEBUG] 2023-02-04 22:15:22.335 [main] Pet_Requests - available
[DEBUG] 2023-02-04 22:15:22.335 [main] Pet_Requests - available
[DEBUG] 2023-02-04 22:15:22.335 [main] Pet_Requests - available
[DEBUG] 2023-02-04 22:15:22.335 [main] Pet_Requests - available
[DEBUG] 2023-02-04 22:15:22.335 [main] Pet_Requests - available
[DEBUG] 2023-02-04 22:15:22.335 [main] Pet_Requests - available
[DEBUG] 2023-02-04 22:15:22.335 [main] Pet_Requests - available
[DEBUG] 2023-02-04 22:15:22.336 [main] Pet_Requests - available
[DEBUG] 2023-02-04 22:15:22.336 [main] Pet_Requests - available
[DEBUG] 2023-02-04 22:15:22.336 [main] Pet_Requests - available
[DEBUG] 2023-02-04 22:15:22.336 [main] Pet_Requests - available
[DEBUG] 2023-02-04 22:15:22.336 [main] Pet_Requests - available
[DEBUG] 2023-02-04 22:15:22.336 [main] Pet_Requests - available
[DEBUG] 2023-02-04 22:15:22.336 [main] Pet_Requests - available
[DEBUG] 2023-02-04 22:15:22.336 [main] Pet_Requests - available
[DEBUG] 2023-02-04 22:15:22.336 [main] Pet_Requests - available
[DEBUG] 2023-02-04 22:15:22.336 [main] Pet_Requests - available
[DEBUG] 2023-02-04 22:15:22.336 [main] Pet_Requests - available
[DEBUG] 2023-02-04 22:15:22.336 [main] Pet_Requests - available
[DEBUG] 2023-02-04 22:15:22.336 [main] Pet_Requests - available
[DEBUG] 2023-02-04 22:15:22.336 [main] Pet_Requests - available
[DEBUG] 2023-02-04 22:15:22.336 [main] Pet_Requests - available
[DEBUG] 2023-02-04 22:15:22.336 [main] Pet_Requests - available
[DEBUG] 2023-02-04 22:15:22.336 [main] Pet_Requests - available
[DEBUG] 2023-02-04 22:15:22.337 [main] Pet_Requests - available
[DEBUG] 2023-02-04 22:15:22.337 [main] Pet_Requests - available
[DEBUG] 2023-02-04 22:15:22.337 [main] Pet_Requests - available
[DEBUG] 2023-02-04 22:15:22.337 [main] Pet_Requests - available
[DEBUG] 2023-02-04 22:15:22.337 [main] Pet_Requests - available
[DEBUG] 2023-02-04 22:15:22.337 [main] Pet_Requests - available
[DEBUG] 2023-02-04 22:15:22.337 [main] Pet_Requests - available
[DEBUG] 2023-02-04 22:15:22.337 [main] Pet_Requests - available
[DEBUG] 2023-02-04 22:15:22.337 [main] Pet_Requests - available
[DEBUG] 2023-02-04 22:15:22.337 [main] Pet_Requests - available
[DEBUG] 2023-02-04 22:15:22.337 [main] Pet_Requests - available
[DEBUG] 2023-02-04 22:15:22.337 [main] Pet_Requests - available
[DEBUG] 2023-02-04 22:15:22.337 [main] Pet_Requests - available
[DEBUG] 2023-02-04 22:15:22.338 [main] Pet_Requests - available
[DEBUG] 2023-02-04 22:15:22.338 [main] Pet_Requests - available
[DEBUG] 2023-02-04 22:15:22.338 [main] Pet_Requests - available
[DEBUG] 2023-02-04 22:15:22.338 [main] Pet_Requests - available
[DEBUG] 2023-02-04 22:15:22.338 [main] Pet_Requests - available
[DEBUG] 2023-02-04 22:15:22.338 [main] Pet_Requests - available
[DEBUG] 2023-02-04 22:15:22.338 [main] Pet_Requests - available
[DEBUG] 2023-02-04 22:15:22.338 [main] Pet_Requests - available
[DEBUG] 2023-02-04 22:15:22.338 [main] Pet_Requests - available
[DEBUG] 2023-02-04 22:15:22.338 [main] Pet_Requests - available
[DEBUG] 2023-02-04 22:15:22.338 [main] Pet_Requests - available
[DEBUG] 2023-02-04 22:15:22.338 [main] Pet_Requests - available
[DEBUG] 2023-02-04 22:15:22.338 [main] Pet_Requests - available
[DEBUG] 2023-02-04 22:15:22.338 [main] Pet_Requests - available
[DEBUG] 2023-02-04 22:15:22.339 [main] Pet_Requests - available
[DEBUG] 2023-02-04 22:15:22.339 [main] Pet_Requests - available
[DEBUG] 2023-02-04 22:15:22.339 [main] Pet_Requests - available
[DEBUG] 2023-02-04 22:15:22.339 [main] Pet_Requests - available
[DEBUG] 2023-02-04 22:15:22.339 [main] Pet_Requests - available
[DEBUG] 2023-02-04 22:15:22.339 [main] Pet_Requests - available
[DEBUG] 2023-02-04 22:15:22.339 [main] Pet_Requests - available
[DEBUG] 2023-02-04 22:15:22.339 [main] Pet_Requests - available
[DEBUG] 2023-02-04 22:15:22.340 [main] Pet_Requests - available
[DEBUG] 2023-02-04 22:15:22.340 [main] Pet_Requests - available
[DEBUG] 2023-02-04 22:15:22.340 [main] Pet_Requests - available
[DEBUG] 2023-02-04 22:15:22.340 [main] Pet_Requests - available
[DEBUG] 2023-02-04 22:15:22.340 [main] Pet_Requests - available
[DEBUG] 2023-02-04 22:15:22.340 [main] Pet_Requests - available
[DEBUG] 2023-02-04 22:15:22.340 [main] Pet_Requests - available
[DEBUG] 2023-02-04 22:15:22.340 [main] Pet_Requests - available
[DEBUG] 2023-02-04 22:15:22.340 [main] Pet_Requests - available
[DEBUG] 2023-02-04 22:15:22.340 [main] Pet_Requests - available
[DEBUG] 2023-02-04 22:15:22.340 [main] Pet_Requests - available
[DEBUG] 2023-02-04 22:15:22.340 [main] Pet_Requests - available
[DEBUG] 2023-02-04 22:15:22.341 [main] Pet_Requests - available
[DEBUG] 2023-02-04 22:15:22.341 [main] Pet_Requests - available
[DEBUG] 2023-02-04 22:15:22.341 [main] Pet_Requests - available
[DEBUG] 2023-02-04 22:15:22.341 [main] Pet_Requests - available
[DEBUG] 2023-02-04 22:15:22.341 [main] Pet_Requests - available
[DEBUG] 2023-02-04 22:15:22.341 [main] Pet_Requests - available
[DEBUG] 2023-02-04 22:15:22.341 [main] Pet_Requests - available
[DEBUG] 2023-02-04 22:15:22.341 [main] Pet_Requests - available
[DEBUG] 2023-02-04 22:15:22.341 [main] Pet_Requests - available
[DEBUG] 2023-02-04 22:15:22.341 [main] Pet_Requests - available
[DEBUG] 2023-02-04 22:15:22.341 [main] Pet_Requests - available
[DEBUG] 2023-02-04 22:15:22.341 [main] Pet_Requests - available
[DEBUG] 2023-02-04 22:15:22.341 [main] Pet_Requests - available
[DEBUG] 2023-02-04 22:15:22.341 [main] Pet_Requests - available
[DEBUG] 2023-02-04 22:15:22.341 [main] Pet_Requests - available
[DEBUG] 2023-02-04 22:15:22.341 [main] Pet_Requests - available
[DEBUG] 2023-02-04 22:15:22.341 [main] Pet_Requests - available
[DEBUG] 2023-02-04 22:15:22.341 [main] Pet_Requests - available
[DEBUG] 2023-02-04 22:15:22.341 [main] Pet_Requests - available
[DEBUG] 2023-02-04 22:15:22.341 [main] Pet_Requests - available
[DEBUG] 2023-02-04 22:15:22.341 [main] Pet_Requests - available
[DEBUG] 2023-02-04 22:15:22.341 [main] Pet_Requests - available
[DEBUG] 2023-02-04 22:15:22.342 [main] Pet_Requests - available
[DEBUG] 2023-02-04 22:15:22.342 [main] Pet_Requests - available
[DEBUG] 2023-02-04 22:15:22.342 [main] Pet_Requests - available
[DEBUG] 2023-02-04 22:15:22.342 [main] Pet_Requests - available
[DEBUG] 2023-02-04 22:15:22.342 [main] Pet_Requests - available
[DEBUG] 2023-02-04 22:15:22.342 [main] Pet_Requests - available
[DEBUG] 2023-02-04 22:15:22.342 [main] Pet_Requests - available
[DEBUG] 2023-02-04 22:15:22.342 [main] Pet_Requests - available
[DEBUG] 2023-02-04 22:15:22.342 [main] Pet_Requests - available
[DEBUG] 2023-02-04 22:15:22.342 [main] Pet_Requests - available
[DEBUG] 2023-02-04 22:15:22.342 [main] Pet_Requests - available
[DEBUG] 2023-02-04 22:15:22.342 [main] Pet_Requests - available
[DEBUG] 2023-02-04 22:15:22.342 [main] Pet_Requests - available
[DEBUG] 2023-02-04 22:15:22.342 [main] Pet_Requests - available
[DEBUG] 2023-02-04 22:15:22.342 [main] Pet_Requests - available
[DEBUG] 2023-02-04 22:15:22.342 [main] Pet_Requests - available
[DEBUG] 2023-02-04 22:15:22.343 [main] Pet_Requests - available
[DEBUG] 2023-02-04 22:15:22.343 [main] Pet_Requests - available
[DEBUG] 2023-02-04 22:15:22.343 [main] Pet_Requests - available
[DEBUG] 2023-02-04 22:15:22.343 [main] Pet_Requests - available
[DEBUG] 2023-02-04 22:15:22.343 [main] Pet_Requests - available
[DEBUG] 2023-02-04 22:15:22.343 [main] Pet_Requests - available
[DEBUG] 2023-02-04 22:15:22.343 [main] Pet_Requests - available
[DEBUG] 2023-02-04 22:15:22.343 [main] Pet_Requests - available
[DEBUG] 2023-02-04 22:15:22.343 [main] Pet_Requests - available
[DEBUG] 2023-02-04 22:15:22.343 [main] Pet_Requests - available
[DEBUG] 2023-02-04 22:15:22.343 [main] Pet_Requests - available
[DEBUG] 2023-02-04 22:15:22.343 [main] Pet_Requests - available
[DEBUG] 2023-02-04 22:15:22.344 [main] Pet_Requests - available
[DEBUG] 2023-02-04 22:15:22.344 [main] Pet_Requests - available
[DEBUG] 2023-02-04 22:15:22.344 [main] Pet_Requests - available
[DEBUG] 2023-02-04 22:15:22.344 [main] Pet_Requests - available
[DEBUG] 2023-02-04 22:15:22.344 [main] Pet_Requests - available
[DEBUG] 2023-02-04 22:15:22.344 [main] Pet_Requests - available
[DEBUG] 2023-02-04 22:15:22.344 [main] Pet_Requests - available
[DEBUG] 2023-02-04 22:15:22.345 [main] Pet_Requests - available
[DEBUG] 2023-02-04 22:15:22.345 [main] Pet_Requests - available
[DEBUG] 2023-02-04 22:15:22.345 [main] Pet_Requests - available
[DEBUG] 2023-02-04 22:15:22.345 [main] Pet_Requests - available
[DEBUG] 2023-02-04 22:15:22.345 [main] Pet_Requests - available
[DEBUG] 2023-02-04 22:15:22.345 [main] Pet_Requests - available
[DEBUG] 2023-02-04 22:15:22.345 [main] Pet_Requests - available
[DEBUG] 2023-02-04 22:15:22.345 [main] Pet_Requests - available
[DEBUG] 2023-02-04 22:15:22.345 [main] Pet_Requests - available
[DEBUG] 2023-02-04 22:15:22.345 [main] Pet_Requests - available
[DEBUG] 2023-02-04 22:15:22.345 [main] Pet_Requests - available
[DEBUG] 2023-02-04 22:15:22.345 [main] Pet_Requests - available
[DEBUG] 2023-02-04 22:15:22.345 [main] Pet_Requests - available
[DEBUG] 2023-02-04 22:15:22.345 [main] Pet_Requests - available
[DEBUG] 2023-02-04 22:15:22.345 [main] Pet_Requests - available
[DEBUG] 2023-02-04 22:15:22.345 [main] Pet_Requests - available
[DEBUG] 2023-02-04 22:15:22.345 [main] Pet_Requests - available
[DEBUG] 2023-02-04 22:15:22.345 [main] Pet_Requests - available
[DEBUG] 2023-02-04 22:15:22.346 [main] Pet_Requests - available
[DEBUG] 2023-02-04 22:15:22.346 [main] Pet_Requests - available
[DEBUG] 2023-02-04 22:15:22.346 [main] Pet_Requests - available
[DEBUG] 2023-02-04 22:15:22.346 [main] Pet_Requests - available
[DEBUG] 2023-02-04 22:15:22.346 [main] Pet_Requests - available
[DEBUG] 2023-02-04 22:15:22.346 [main] Pet_Requests - available
[DEBUG] 2023-02-04 22:15:22.346 [main] Pet_Requests - available
[DEBUG] 2023-02-04 22:15:22.346 [main] Pet_Requests - available
[DEBUG] 2023-02-04 22:15:22.346 [main] Pet_Requests - available
[DEBUG] 2023-02-04 22:15:22.347 [main] Pet_Requests - available
[DEBUG] 2023-02-04 22:15:22.347 [main] Pet_Requests - available
[DEBUG] 2023-02-04 22:15:22.347 [main] Pet_Requests - available
[DEBUG] 2023-02-04 22:15:22.347 [main] Pet_Requests - available
[DEBUG] 2023-02-04 22:15:22.347 [main] Pet_Requests - available
[DEBUG] 2023-02-04 22:15:22.347 [main] Pet_Requests - available
[DEBUG] 2023-02-04 22:15:22.347 [main] Pet_Requests - available
[DEBUG] 2023-02-04 22:15:22.347 [main] Pet_Requests - available
[DEBUG] 2023-02-04 22:15:22.347 [main] Pet_Requests - available
[DEBUG] 2023-02-04 22:15:22.348 [main] Pet_Requests - available
[DEBUG] 2023-02-04 22:15:22.348 [main] Pet_Requests - available
[DEBUG] 2023-02-04 22:15:22.348 [main] Pet_Requests - available
[DEBUG] 2023-02-04 22:15:22.348 [main] Pet_Requests - available
[DEBUG] 2023-02-04 22:15:22.348 [main] Pet_Requests - available
[DEBUG] 2023-02-04 22:15:22.348 [main] Pet_Requests - available
[DEBUG] 2023-02-04 22:15:22.348 [main] Pet_Requests - available
[DEBUG] 2023-02-04 22:15:22.348 [main] Pet_Requests - available
[DEBUG] 2023-02-04 22:15:22.348 [main] Pet_Requests - available
[DEBUG] 2023-02-04 22:15:22.348 [main] Pet_Requests - available
[DEBUG] 2023-02-04 22:15:22.348 [main] Pet_Requests - available
[DEBUG] 2023-02-04 22:15:22.349 [main] Pet_Requests - available
[DEBUG] 2023-02-04 22:15:22.349 [main] Pet_Requests - available
[DEBUG] 2023-02-04 22:15:22.349 [main] Pet_Requests - available
[DEBUG] 2023-02-04 22:15:22.349 [main] Pet_Requests - available
[DEBUG] 2023-02-04 22:15:22.349 [main] Pet_Requests - available
[DEBUG] 2023-02-04 22:15:22.349 [main] Pet_Requests - available
[DEBUG] 2023-02-04 22:15:22.349 [main] Pet_Requests - available
[DEBUG] 2023-02-04 22:15:22.349 [main] Pet_Requests - available
[DEBUG] 2023-02-04 22:15:22.349 [main] Pet_Requests - available
[DEBUG] 2023-02-04 22:15:22.350 [main] Pet_Requests - available
[DEBUG] 2023-02-04 22:15:22.350 [main] Pet_Requests - available
[DEBUG] 2023-02-04 22:15:22.350 [main] Pet_Requests - available
[DEBUG] 2023-02-04 22:15:22.351 [main] Pet_Requests - available
[DEBUG] 2023-02-04 22:15:22.351 [main] Pet_Requests - available
[DEBUG] 2023-02-04 22:15:22.351 [main] Pet_Requests - available
[DEBUG] 2023-02-04 22:15:22.351 [main] Pet_Requests - available
[DEBUG] 2023-02-04 22:15:22.351 [main] Pet_Requests - available
[DEBUG] 2023-02-04 22:15:22.352 [main] Pet_Requests - available
[DEBUG] 2023-02-04 22:15:22.352 [main] Pet_Requests - available
[DEBUG] 2023-02-04 22:15:22.352 [main] Pet_Requests - available
[DEBUG] 2023-02-04 22:15:22.352 [main] Pet_Requests - available
[DEBUG] 2023-02-04 22:15:22.352 [main] Pet_Requests - available
[DEBUG] 2023-02-04 22:15:22.353 [main] Pet_Requests - available
[DEBUG] 2023-02-04 22:15:22.353 [main] Pet_Requests - available
[DEBUG] 2023-02-04 22:15:22.353 [main] Pet_Requests - available
[DEBUG] 2023-02-04 22:15:22.353 [main] Pet_Requests - available
[DEBUG] 2023-02-04 22:15:22.353 [main] Pet_Requests - available
[DEBUG] 2023-02-04 22:15:22.353 [main] Pet_Requests - available
[DEBUG] 2023-02-04 22:15:22.353 [main] Pet_Requests - available
[DEBUG] 2023-02-04 22:15:22.353 [main] Pet_Requests - available
[DEBUG] 2023-02-04 22:15:22.353 [main] Pet_Requests - available
[DEBUG] 2023-02-04 22:15:22.353 [main] Pet_Requests - available
[DEBUG] 2023-02-04 22:15:22.353 [main] Pet_Requests - available
[DEBUG] 2023-02-04 22:15:22.354 [main] Pet_Requests - available
[DEBUG] 2023-02-04 22:15:22.354 [main] Pet_Requests - available
[DEBUG] 2023-02-04 22:15:22.354 [main] Pet_Requests - available
[DEBUG] 2023-02-04 22:15:22.354 [main] Pet_Requests - available
[DEBUG] 2023-02-04 22:15:22.354 [main] Pet_Requests - available
[DEBUG] 2023-02-04 22:15:22.354 [main] Pet_Requests - available
[DEBUG] 2023-02-04 22:15:22.354 [main] Pet_Requests - available
[DEBUG] 2023-02-04 22:15:22.354 [main] Pet_Requests - available
[DEBUG] 2023-02-04 22:15:22.354 [main] Pet_Requests - available
[DEBUG] 2023-02-04 22:15:22.354 [main] Pet_Requests - available
[DEBUG] 2023-02-04 22:15:22.354 [main] Pet_Requests - available
[DEBUG] 2023-02-04 22:15:22.354 [main] Pet_Requests - available
[DEBUG] 2023-02-04 22:15:22.354 [main] Pet_Requests - available
[DEBUG] 2023-02-04 22:15:22.354 [main] Pet_Requests - available
[DEBUG] 2023-02-04 22:15:22.354 [main] Pet_Requests - available
[DEBUG] 2023-02-04 22:15:22.354 [main] Pet_Requests - available
[DEBUG] 2023-02-04 22:15:22.354 [main] Pet_Requests - available
[DEBUG] 2023-02-04 22:15:22.354 [main] Pet_Requests - available
[DEBUG] 2023-02-04 22:15:22.355 [main] Pet_Requests - available
[DEBUG] 2023-02-04 22:15:22.355 [main] Pet_Requests - available
[DEBUG] 2023-02-04 22:15:22.355 [main] Pet_Requests - available
[DEBUG] 2023-02-04 22:15:22.355 [main] Pet_Requests - available
[DEBUG] 2023-02-04 22:15:22.355 [main] Pet_Requests - available
[DEBUG] 2023-02-04 22:15:22.355 [main] Pet_Requests - available
[DEBUG] 2023-02-04 22:15:22.355 [main] Pet_Requests - available
[DEBUG] 2023-02-04 22:15:22.355 [main] Pet_Requests - available
[DEBUG] 2023-02-04 22:15:22.355 [main] Pet_Requests - available
[DEBUG] 2023-02-04 22:15:22.355 [main] Pet_Requests - available
[DEBUG] 2023-02-04 22:15:22.355 [main] Pet_Requests - available
[DEBUG] 2023-02-04 22:15:22.355 [main] Pet_Requests - available
[DEBUG] 2023-02-04 22:15:22.355 [main] Pet_Requests - available
[DEBUG] 2023-02-04 22:15:22.355 [main] Pet_Requests - available
[DEBUG] 2023-02-04 22:15:22.355 [main] Pet_Requests - available
[DEBUG] 2023-02-04 22:15:22.355 [main] Pet_Requests - available
[DEBUG] 2023-02-04 22:15:22.355 [main] Pet_Requests - available
[DEBUG] 2023-02-04 22:15:22.355 [main] Pet_Requests - available
[DEBUG] 2023-02-04 22:15:22.355 [main] Pet_Requests - available
[DEBUG] 2023-02-04 22:15:22.355 [main] Pet_Requests - available
[DEBUG] 2023-02-04 22:15:22.355 [main] Pet_Requests - available
[DEBUG] 2023-02-04 22:15:22.355 [main] Pet_Requests - available
[DEBUG] 2023-02-04 22:15:23.559 [main] Pet_Requests - 404
[DEBUG] 2023-02-04 22:15:23.927 [main] Pet_Requests - not found
[DEBUG] 2023-02-04 22:15:23.927 [main] Pet_Requests - KeyDate   ValueSat, 04 Feb 2023 16:45:18 GMT
[DEBUG] 2023-02-04 22:15:23.927 [main] Pet_Requests - KeyContent-Type   Valueapplication/json
[DEBUG] 2023-02-04 22:15:23.927 [main] Pet_Requests - KeyTransfer-Encoding   Valuechunked
[DEBUG] 2023-02-04 22:15:23.927 [main] Pet_Requests - KeyConnection   Valuekeep-alive
[DEBUG] 2023-02-04 22:15:23.927 [main] Pet_Requests - KeyAccess-Control-Allow-Origin   Value*
[DEBUG] 2023-02-04 22:15:23.928 [main] Pet_Requests - KeyAccess-Control-Allow-Methods   ValueGET, POST, DELETE, PUT
[DEBUG] 2023-02-04 22:15:23.928 [main] Pet_Requests - KeyAccess-Control-Allow-Headers   ValueContent-Type, api_key, Authorization
[DEBUG] 2023-02-04 22:15:23.928 [main] Pet_Requests - KeyServer   ValueJetty(9.2.9.v20150224)
[DEBUG] 2023-02-04 22:15:25.176 [main] Pet_Requests - 404
[DEBUG] 2023-02-04 22:15:25.222 [main] Pet_Requests - Pet not found
[DEBUG] 2023-02-04 22:15:25.223 [main] Pet_Requests - KeyDate   ValueSat, 04 Feb 2023 16:45:20 GMT
[DEBUG] 2023-02-04 22:15:25.223 [main] Pet_Requests - KeyContent-Type   Valueapplication/xml
[DEBUG] 2023-02-04 22:15:25.223 [main] Pet_Requests - KeyContent-Length   Value132
[DEBUG] 2023-02-04 22:15:25.223 [main] Pet_Requests - KeyConnection   Valuekeep-alive
[DEBUG] 2023-02-04 22:15:25.223 [main] Pet_Requests - KeyAccess-Control-Allow-Origin   Value*
[DEBUG] 2023-02-04 22:15:25.223 [main] Pet_Requests - KeyAccess-Control-Allow-Methods   ValueGET, POST, DELETE, PUT
[DEBUG] 2023-02-04 22:15:25.223 [main] Pet_Requests - KeyAccess-Control-Allow-Headers   ValueContent-Type, api_key, Authorization
[DEBUG] 2023-02-04 22:15:25.223 [main] Pet_Requests - KeyServer   ValueJetty(9.2.9.v20150224)
[DEBUG] 2023-02-04 22:15:26.445 [main] Pet_Requests - {
    "id": 78,
    "category": {
        "id": 1,
        "name": "Golden Retriever"
    },
    "name": "Doggie",
    "photoUrls": [
        "Tag1",
        "Tags2"
    ],
    "tags": [
        {
            "id": 0,
            "name": "Play"
        }
    ]
}
[DEBUG] 2023-02-04 22:15:27.994 [main] Pet_Requests - Key:code  Value:200
[DEBUG] 2023-02-04 22:15:27.994 [main] Pet_Requests - Key:type  Value:unknown
[DEBUG] 2023-02-04 22:15:27.994 [main] Pet_Requests - Key:message  Value:additionalMetadata: 
File uploaded to ./petskitchenfreesample.jpg, 37013 bytes
[DEBUG] 2023-02-04 22:15:29.189 [main] Pet_Requests - {
    "id": 13,
    "category": {
        "id": 0,
        "name": "Golden Retriever"
    },
    "photoUrls": [
        "Tag1",
        "Tags2"
    ],
    "tags": [
        {
            "id": 1,
            "name": "Play"
        },
        {
            "id": 2,
            "name": "Cry"
        }
    ],
    "status": "Done"
}
